<?xml version="1.0" encoding="UTF-8"?>
<coverage generated="1675841838436" clover="3.2.0">
  <project timestamp="1675841838436" name="All files">
    <metrics statements="25" coveredstatements="21" conditionals="10" coveredconditionals="5" methods="9" coveredmethods="9" elements="44" coveredelements="35" complexity="0" loc="25" ncloc="25" packages="2" files="6" classes="6"/>
    <package name="Overview.Subcomponents.ProductInformation">
      <metrics statements="2" coveredstatements="2" conditionals="4" coveredconditionals="2" methods="1" coveredmethods="1"/>
      <file name="PriceDisplay.jsx" path="/Users/demi/Desktop/sprint/Atelier/client/src/components/Overview/Subcomponents/ProductInformation/PriceDisplay.jsx">
        <metrics statements="2" coveredstatements="2" conditionals="4" coveredconditionals="2" methods="1" coveredmethods="1"/>
        <line num="3" count="1" type="stmt"/>
        <line num="4" count="1" type="stmt"/>
      </file>
    </package>
    <package name="RatingsReviews">
      <metrics statements="23" coveredstatements="19" conditionals="6" coveredconditionals="3" methods="8" coveredmethods="8"/>
      <file name="ProductCharacteristic.jsx" path="/Users/demi/Desktop/sprint/Atelier/client/src/components/RatingsReviews/ProductCharacteristic.jsx">
        <metrics statements="10" coveredstatements="7" conditionals="4" coveredconditionals="2" methods="1" coveredmethods="1"/>
        <line num="3" count="1" type="stmt"/>
        <line num="5" count="3" type="cond" truecount="2" falsecount="2"/>
        <line num="6" count="3" type="stmt"/>
        <line num="7" count="3" type="stmt"/>
        <line num="8" count="3" type="stmt"/>
        <line num="10" count="0" type="stmt"/>
        <line num="11" count="0" type="stmt"/>
        <line num="12" count="0" type="stmt"/>
        <line num="16" count="3" type="stmt"/>
        <line num="17" count="3" type="stmt"/>
      </file>
      <file name="Search.jsx" path="/Users/demi/Desktop/sprint/Atelier/client/src/components/RatingsReviews/Search.jsx">
        <metrics statements="5" coveredstatements="4" conditionals="2" coveredconditionals="1" methods="2" coveredmethods="2"/>
        <line num="3" count="1" type="stmt"/>
        <line num="4" count="2" type="stmt"/>
        <line num="8" count="1" type="cond" truecount="1" falsecount="1"/>
        <line num="9" count="0" type="stmt"/>
        <line num="11" count="1" type="stmt"/>
      </file>
      <file name="SelectedStar.jsx" path="/Users/demi/Desktop/sprint/Atelier/client/src/components/RatingsReviews/SelectedStar.jsx">
        <metrics statements="3" coveredstatements="3" conditionals="0" coveredconditionals="0" methods="2" coveredmethods="2"/>
        <line num="3" count="1" type="stmt"/>
        <line num="5" count="2" type="stmt"/>
        <line num="6" count="1" type="stmt"/>
      </file>
      <file name="Sortstar.jsx" path="/Users/demi/Desktop/sprint/Atelier/client/src/components/RatingsReviews/Sortstar.jsx">
        <metrics statements="3" coveredstatements="3" conditionals="0" coveredconditionals="0" methods="2" coveredmethods="2"/>
        <line num="4" count="1" type="stmt"/>
        <line num="7" count="3" type="stmt"/>
        <line num="8" count="1" type="stmt"/>
      </file>
      <file name="Star1.jsx" path="/Users/demi/Desktop/sprint/Atelier/client/src/components/RatingsReviews/Star1.jsx">
        <metrics statements="2" coveredstatements="2" conditionals="0" coveredconditionals="0" methods="1" coveredmethods="1"/>
        <line num="3" count="1" type="stmt"/>
        <line num="5" count="1" type="stmt"/>
      </file>
    </package>
  </project>
</coverage>
