<?xml version="1.0" encoding="UTF-8"?>
<coverage generated="1675810740024" clover="3.2.0">
  <project timestamp="1675810740024" name="All files">
    <metrics statements="90" coveredstatements="53" conditionals="54" coveredconditionals="18" methods="33" coveredmethods="19" elements="177" coveredelements="90" complexity="0" loc="90" ncloc="90" packages="5" files="9" classes="9"/>
    <package name="Overview.Subcomponents.AddToCart">
      <metrics statements="45" coveredstatements="27" conditionals="20" coveredconditionals="6" methods="16" coveredmethods="9"/>
      <file name="AddToCartButton.jsx" path="/Users/William/Hack Reactor/SeniorPhase/FEC/Atelier/client/src/components/Overview/Subcomponents/AddToCart/AddToCartButton.jsx">
        <metrics statements="15" coveredstatements="8" conditionals="6" coveredconditionals="1" methods="6" coveredmethods="3"/>
        <line num="4" count="1" type="stmt"/>
        <line num="6" count="2" type="stmt"/>
        <line num="8" count="2" type="stmt"/>
        <line num="9" count="2" type="stmt"/>
        <line num="10" count="2" type="stmt"/>
        <line num="11" count="2" type="stmt"/>
        <line num="15" count="2" type="stmt"/>
        <line num="16" count="0" type="cond" truecount="0" falsecount="4"/>
        <line num="17" count="0" type="stmt"/>
        <line num="18" count="0" type="stmt"/>
        <line num="19" count="0" type="stmt"/>
        <line num="21" count="0" type="stmt"/>
        <line num="24" count="0" type="stmt"/>
        <line num="27" count="0" type="stmt"/>
        <line num="33" count="2" type="stmt"/>
      </file>
      <file name="QuantitySelector.jsx" path="/Users/William/Hack Reactor/SeniorPhase/FEC/Atelier/client/src/components/Overview/Subcomponents/AddToCart/QuantitySelector.jsx">
        <metrics statements="10" coveredstatements="8" conditionals="8" coveredconditionals="4" methods="3" coveredmethods="2"/>
        <line num="3" count="1" type="stmt"/>
        <line num="5" count="1" type="stmt"/>
        <line num="6" count="1" type="stmt"/>
        <line num="7" count="1" type="stmt"/>
        <line num="8" count="0" type="cond" truecount="0" falsecount="2"/>
        <line num="9" count="0" type="stmt"/>
        <line num="12" count="1" type="stmt"/>
        <line num="13" count="1" type="cond" truecount="1" falsecount="1"/>
        <line num="17" count="1" type="stmt"/>
        <line num="26" count="1" type="stmt"/>
      </file>
      <file name="SizeSelector.jsx" path="/Users/William/Hack Reactor/SeniorPhase/FEC/Atelier/client/src/components/Overview/Subcomponents/AddToCart/SizeSelector.jsx">
        <metrics statements="20" coveredstatements="11" conditionals="6" coveredconditionals="1" methods="7" coveredmethods="4"/>
        <line num="3" count="1" type="stmt"/>
        <line num="10" count="2" type="stmt"/>
        <line num="12" count="2" type="stmt"/>
        <line num="13" count="1" type="stmt"/>
        <line num="16" count="2" type="stmt"/>
        <line num="17" count="2" type="stmt"/>
        <line num="18" count="2" type="stmt"/>
        <line num="19" count="0" type="stmt"/>
        <line num="23" count="2" type="stmt"/>
        <line num="24" count="0" type="stmt"/>
        <line num="25" count="0" type="stmt"/>
        <line num="26" count="0" type="stmt"/>
        <line num="27" count="0" type="stmt"/>
        <line num="28" count="0" type="cond" truecount="0" falsecount="2"/>
        <line num="29" count="0" type="stmt"/>
        <line num="33" count="2" type="stmt"/>
        <line num="34" count="1" type="stmt"/>
        <line num="37" count="2" type="stmt"/>
        <line num="47" count="0" type="cond" truecount="0" falsecount="2"/>
        <line num="48" count="0" type="stmt"/>
      </file>
    </package>
    <package name="Overview.Subcomponents.ImageGallery.DefaultViewSubcomponents">
      <metrics statements="31" coveredstatements="17" conditionals="26" coveredconditionals="9" methods="10" coveredmethods="6"/>
      <file name="MainImage.jsx" path="/Users/William/Hack Reactor/SeniorPhase/FEC/Atelier/client/src/components/Overview/Subcomponents/ImageGallery/DefaultViewSubcomponents/MainImage.jsx">
        <metrics statements="3" coveredstatements="3" conditionals="2" coveredconditionals="1" methods="2" coveredmethods="2"/>
        <line num="3" count="1" type="stmt"/>
        <line num="4" count="1" type="stmt"/>
        <line num="8" count="1" type="stmt"/>
      </file>
      <file name="ThumbnailList.jsx" path="/Users/William/Hack Reactor/SeniorPhase/FEC/Atelier/client/src/components/Overview/Subcomponents/ImageGallery/DefaultViewSubcomponents/ThumbnailList.jsx">
        <metrics statements="28" coveredstatements="14" conditionals="24" coveredconditionals="8" methods="8" coveredmethods="4"/>
        <line num="5" count="1" type="stmt"/>
        <line num="7" count="2" type="stmt"/>
        <line num="10" count="2" type="cond" truecount="1" falsecount="1"/>
        <line num="11" count="2" type="stmt"/>
        <line num="14" count="2" type="stmt"/>
        <line num="15" count="1" type="cond" truecount="1" falsecount="1"/>
        <line num="16" count="1" type="stmt"/>
        <line num="18" count="0" type="cond" truecount="0" falsecount="2"/>
        <line num="19" count="0" type="stmt"/>
        <line num="21" count="0" type="stmt"/>
        <line num="26" count="2" type="stmt"/>
        <line num="27" count="2" type="stmt"/>
        <line num="30" count="2" type="stmt"/>
        <line num="31" count="0" type="cond" truecount="0" falsecount="2"/>
        <line num="32" count="0" type="stmt"/>
        <line num="36" count="2" type="stmt"/>
        <line num="37" count="0" type="cond" truecount="0" falsecount="2"/>
        <line num="38" count="0" type="stmt"/>
        <line num="39" count="0" type="stmt"/>
        <line num="43" count="2" type="stmt"/>
        <line num="44" count="0" type="cond" truecount="0" falsecount="2"/>
        <line num="45" count="0" type="stmt"/>
        <line num="46" count="0" type="stmt"/>
        <line num="47" count="0" type="cond" truecount="0" falsecount="2"/>
        <line num="48" count="0" type="stmt"/>
        <line num="52" count="2" type="stmt"/>
        <line num="60" count="2" type="cond" truecount="1" falsecount="1"/>
        <line num="64" count="0" type="stmt"/>
      </file>
    </package>
    <package name="Overview.Subcomponents.ProductInformation">
      <metrics statements="4" coveredstatements="4" conditionals="4" coveredconditionals="2" methods="2" coveredmethods="2"/>
      <file name="PriceDisplay.jsx" path="/Users/William/Hack Reactor/SeniorPhase/FEC/Atelier/client/src/components/Overview/Subcomponents/ProductInformation/PriceDisplay.jsx">
        <metrics statements="2" coveredstatements="2" conditionals="4" coveredconditionals="2" methods="1" coveredmethods="1"/>
        <line num="3" count="1" type="stmt"/>
        <line num="4" count="1" type="stmt"/>
      </file>
      <file name="SocialMediaButton.jsx" path="/Users/William/Hack Reactor/SeniorPhase/FEC/Atelier/client/src/components/Overview/Subcomponents/ProductInformation/SocialMediaButton.jsx">
        <metrics statements="2" coveredstatements="2" conditionals="0" coveredconditionals="0" methods="1" coveredmethods="1"/>
        <line num="6" count="1" type="stmt"/>
        <line num="12" count="1" type="stmt"/>
      </file>
    </package>
    <package name="QA">
      <metrics statements="5" coveredstatements="2" conditionals="2" coveredconditionals="0" methods="2" coveredmethods="1"/>
      <file name="Search.jsx" path="/Users/William/Hack Reactor/SeniorPhase/FEC/Atelier/client/src/components/QA/Search.jsx">
        <metrics statements="5" coveredstatements="2" conditionals="2" coveredconditionals="0" methods="2" coveredmethods="1"/>
        <line num="3" count="1" type="stmt"/>
        <line num="5" count="1" type="stmt"/>
        <line num="12" count="0" type="cond" truecount="0" falsecount="2"/>
        <line num="13" count="0" type="stmt"/>
        <line num="15" count="0" type="stmt"/>
      </file>
    </package>
    <package name="RatingsReviews">
      <metrics statements="5" coveredstatements="3" conditionals="2" coveredconditionals="1" methods="3" coveredmethods="1"/>
      <file name="ReviewPhoto.jsx" path="/Users/William/Hack Reactor/SeniorPhase/FEC/Atelier/client/src/components/RatingsReviews/ReviewPhoto.jsx">
        <metrics statements="5" coveredstatements="3" conditionals="2" coveredconditionals="1" methods="3" coveredmethods="1"/>
        <line num="3" count="1" type="stmt"/>
        <line num="4" count="1" type="stmt"/>
        <line num="5" count="1" type="stmt"/>
        <line num="9" count="0" type="stmt"/>
        <line num="13" count="0" type="stmt"/>
      </file>
    </package>
  </project>
</coverage>
