{"/Users/demi/Desktop/sprint/Atelier/client/src/components/Overview/Subcomponents/ProductInformation/PriceDisplay.jsx": {"path":"/Users/demi/Desktop/sprint/Atelier/client/src/components/Overview/Subcomponents/ProductInformation/PriceDisplay.jsx","statementMap":{"0":{"start":{"line":3,"column":21},"end":{"line":18,"column":1}},"1":{"start":{"line":4,"column":2},"end":{"line":17,"column":9}}},"fnMap":{"0":{"name":"(anonymous_0)","decl":{"start":{"line":3,"column":21},"end":{"line":3,"column":22}},"loc":{"start":{"line":3,"column":41},"end":{"line":18,"column":1}},"line":3}},"branchMap":{"0":{"loc":{"start":{"line":6,"column":7},"end":{"line":9,"column":15}},"type":"binary-expr","locations":[{"start":{"line":6,"column":7},"end":{"line":6,"column":30}},{"start":{"line":7,"column":8},"end":{"line":9,"column":15}}],"line":6},"1":{"loc":{"start":{"line":11,"column":7},"end":{"line":14,"column":51}},"type":"cond-expr","locations":[{"start":{"line":12,"column":8},"end":{"line":12,"column":46}},{"start":{"line":14,"column":8},"end":{"line":14,"column":51}}],"line":11}},"s":{"0":1,"1":1},"f":{"0":1},"b":{"0":[1,0],"1":[0,1]},"_coverageSchema":"1a1c01bbd47fc00a2c39e90264f33305004495a9","hash":"99d01570ba662a84bef856c58addcb8db26bdbb6"}
,"/Users/demi/Desktop/sprint/Atelier/client/src/components/RatingsReviews/ProductCharacteristic.jsx": {"path":"/Users/demi/Desktop/sprint/Atelier/client/src/components/RatingsReviews/ProductCharacteristic.jsx","statementMap":{"0":{"start":{"line":3,"column":28},"end":{"line":35,"column":1}},"1":{"start":{"line":5,"column":2},"end":{"line":13,"column":3}},"2":{"start":{"line":6,"column":4},"end":{"line":6,"column":18}},"3":{"start":{"line":7,"column":4},"end":{"line":7,"column":16}},"4":{"start":{"line":8,"column":4},"end":{"line":8,"column":22}},"5":{"start":{"line":10,"column":4},"end":{"line":10,"column":23}},"6":{"start":{"line":11,"column":4},"end":{"line":11,"column":23}},"7":{"start":{"line":12,"column":4},"end":{"line":12,"column":24}},"8":{"start":{"line":16,"column":15},"end":{"line":16,"column":41}},"9":{"start":{"line":17,"column":2},"end":{"line":34,"column":4}}},"fnMap":{"0":{"name":"(anonymous_0)","decl":{"start":{"line":3,"column":28},"end":{"line":3,"column":29}},"loc":{"start":{"line":3,"column":48},"end":{"line":35,"column":1}},"line":3}},"branchMap":{"0":{"loc":{"start":{"line":5,"column":2},"end":{"line":13,"column":3}},"type":"if","locations":[{"start":{"line":5,"column":2},"end":{"line":13,"column":3}},{"start":{"line":9,"column":9},"end":{"line":13,"column":3}}],"line":5},"1":{"loc":{"start":{"line":5,"column":6},"end":{"line":5,"column":46}},"type":"binary-expr","locations":[{"start":{"line":5,"column":6},"end":{"line":5,"column":24}},{"start":{"line":5,"column":28},"end":{"line":5,"column":46}}],"line":5}},"s":{"0":1,"1":3,"2":3,"3":3,"4":3,"5":0,"6":0,"7":0,"8":3,"9":3},"f":{"0":3},"b":{"0":[3,0],"1":[3,0]},"_coverageSchema":"1a1c01bbd47fc00a2c39e90264f33305004495a9","hash":"feedd74c09cfe7fab487a00d3a2d5e8a4593b0aa"}
,"/Users/demi/Desktop/sprint/Atelier/client/src/components/RatingsReviews/Search.jsx": {"path":"/Users/demi/Desktop/sprint/Atelier/client/src/components/RatingsReviews/Search.jsx","statementMap":{"0":{"start":{"line":3,"column":15},"end":{"line":18,"column":1}},"1":{"start":{"line":4,"column":2},"end":{"line":17,"column":4}},"2":{"start":{"line":8,"column":10},"end":{"line":12,"column":11}},"3":{"start":{"line":9,"column":12},"end":{"line":9,"column":38}},"4":{"start":{"line":11,"column":12},"end":{"line":11,"column":26}}},"fnMap":{"0":{"name":"(anonymous_0)","decl":{"start":{"line":3,"column":15},"end":{"line":3,"column":16}},"loc":{"start":{"line":3,"column":41},"end":{"line":18,"column":1}},"line":3},"1":{"name":"(anonymous_1)","decl":{"start":{"line":7,"column":18},"end":{"line":7,"column":19}},"loc":{"start":{"line":7,"column":23},"end":{"line":13,"column":9}},"line":7}},"branchMap":{"0":{"loc":{"start":{"line":8,"column":10},"end":{"line":12,"column":11}},"type":"if","locations":[{"start":{"line":8,"column":10},"end":{"line":12,"column":11}},{"start":{"line":10,"column":17},"end":{"line":12,"column":11}}],"line":8}},"s":{"0":1,"1":2,"2":1,"3":0,"4":1},"f":{"0":2,"1":1},"b":{"0":[0,1]},"_coverageSchema":"1a1c01bbd47fc00a2c39e90264f33305004495a9","hash":"a8fe0cd0322c0ac5393da29e4e3116c3d58102f2"}
,"/Users/demi/Desktop/sprint/Atelier/client/src/components/RatingsReviews/SelectedStar.jsx": {"path":"/Users/demi/Desktop/sprint/Atelier/client/src/components/RatingsReviews/SelectedStar.jsx","statementMap":{"0":{"start":{"line":3,"column":21},"end":{"line":14,"column":1}},"1":{"start":{"line":5,"column":2},"end":{"line":12,"column":4}},"2":{"start":{"line":6,"column":50},"end":{"line":6,"column":71}}},"fnMap":{"0":{"name":"(anonymous_0)","decl":{"start":{"line":3,"column":21},"end":{"line":3,"column":22}},"loc":{"start":{"line":3,"column":52},"end":{"line":14,"column":1}},"line":3},"1":{"name":"(anonymous_1)","decl":{"start":{"line":6,"column":46},"end":{"line":6,"column":47}},"loc":{"start":{"line":6,"column":50},"end":{"line":6,"column":71}},"line":6}},"branchMap":{},"s":{"0":1,"1":2,"2":1},"f":{"0":2,"1":1},"b":{},"_coverageSchema":"1a1c01bbd47fc00a2c39e90264f33305004495a9","hash":"49e2b9e1b4cf15d1c98559c246864a0f4d96c3a6"}
,"/Users/demi/Desktop/sprint/Atelier/client/src/components/RatingsReviews/Sortstar.jsx": {"path":"/Users/demi/Desktop/sprint/Atelier/client/src/components/RatingsReviews/Sortstar.jsx","statementMap":{"0":{"start":{"line":4,"column":15},"end":{"line":16,"column":1}},"1":{"start":{"line":7,"column":2},"end":{"line":14,"column":4}},"2":{"start":{"line":8,"column":43},"end":{"line":8,"column":61}}},"fnMap":{"0":{"name":"(anonymous_0)","decl":{"start":{"line":4,"column":15},"end":{"line":4,"column":16}},"loc":{"start":{"line":4,"column":53},"end":{"line":16,"column":1}},"line":4},"1":{"name":"(anonymous_1)","decl":{"start":{"line":8,"column":39},"end":{"line":8,"column":40}},"loc":{"start":{"line":8,"column":43},"end":{"line":8,"column":61}},"line":8}},"branchMap":{},"s":{"0":1,"1":3,"2":1},"f":{"0":3,"1":1},"b":{},"_coverageSchema":"1a1c01bbd47fc00a2c39e90264f33305004495a9","hash":"6a2921259fd3bc46caa71a271463f79af6698887"}
,"/Users/demi/Desktop/sprint/Atelier/client/src/components/RatingsReviews/Star1.jsx": {"path":"/Users/demi/Desktop/sprint/Atelier/client/src/components/RatingsReviews/Star1.jsx","statementMap":{"0":{"start":{"line":3,"column":14},"end":{"line":25,"column":1}},"1":{"start":{"line":5,"column":2},"end":{"line":23,"column":4}}},"fnMap":{"0":{"name":"(anonymous_0)","decl":{"start":{"line":3,"column":14},"end":{"line":3,"column":15}},"loc":{"start":{"line":3,"column":28},"end":{"line":25,"column":1}},"line":3}},"branchMap":{},"s":{"0":1,"1":1},"f":{"0":1},"b":{},"_coverageSchema":"1a1c01bbd47fc00a2c39e90264f33305004495a9","hash":"7ba0cb54db49638c4f54bfa6a86653cb2d8e3246"}
}
